Using pre-set license
Built from '2023.2/staging' branch; Version is '2023.2.14f1 (eeca29774eb5) revision 15649321'; Using compiler version '193431935'; Build Type 'Release'
OS: 'Windows 11  (10.0.22631) 64bit Core' Language: 'en' Physical Memory: 32694 MB
BatchMode: 1, IsHumanControllingUs: 0, StartBugReporterOnCrash: 0, Is64bit: 1, IsPro: 1

COMMAND LINE ARGUMENTS:
C:\Program Files\Unity\Hub\Editor\2023.2.14f1\Editor\Unity.exe
-adb2
-batchMode
-noUpm
-name
AssetImportWorker1
-projectPath
D:/Repos/UnityProjects/TBD-TopDownGame/TopDownTrial
-logFile
Logs/AssetImportWorker1.log
-srvPort
60967
-job-worker-count
7
-background-job-worker-count
8
-asset-garbage-collectors
1
Successfully changed project path to: D:/Repos/UnityProjects/TBD-TopDownGame/TopDownTrial
D:/Repos/UnityProjects/TBD-TopDownGame/TopDownTrial
[UnityMemory] Configuration Parameters - Can be set up in boot.config
    "memorysetup-bucket-allocator-granularity=16"
    "memorysetup-bucket-allocator-bucket-count=8"
    "memorysetup-bucket-allocator-block-size=33554432"
    "memorysetup-bucket-allocator-block-count=8"
    "memorysetup-main-allocator-block-size=16777216"
    "memorysetup-thread-allocator-block-size=16777216"
    "memorysetup-gfx-main-allocator-block-size=16777216"
    "memorysetup-gfx-thread-allocator-block-size=16777216"
    "memorysetup-cache-allocator-block-size=4194304"
    "memorysetup-typetree-allocator-block-size=2097152"
    "memorysetup-profiler-bucket-allocator-granularity=16"
    "memorysetup-profiler-bucket-allocator-bucket-count=8"
    "memorysetup-profiler-bucket-allocator-block-size=33554432"
    "memorysetup-profiler-bucket-allocator-block-count=8"
    "memorysetup-profiler-allocator-block-size=16777216"
    "memorysetup-profiler-editor-allocator-block-size=1048576"
    "memorysetup-temp-allocator-size-main=16777216"
    "memorysetup-job-temp-allocator-block-size=2097152"
    "memorysetup-job-temp-allocator-block-size-background=1048576"
    "memorysetup-job-temp-allocator-reduction-small-platforms=262144"
    "memorysetup-allocator-temp-initial-block-size-main=262144"
    "memorysetup-allocator-temp-initial-block-size-worker=262144"
    "memorysetup-temp-allocator-size-background-worker=32768"
    "memorysetup-temp-allocator-size-job-worker=262144"
    "memorysetup-temp-allocator-size-preload-manager=33554432"
    "memorysetup-temp-allocator-size-nav-mesh-worker=65536"
    "memorysetup-temp-allocator-size-audio-worker=65536"
    "memorysetup-temp-allocator-size-cloud-worker=32768"
    "memorysetup-temp-allocator-size-gi-baking-worker=262144"
    "memorysetup-temp-allocator-size-gi-baking-worker=262144"
    "memorysetup-temp-allocator-size-gi-baking-worker=262144"
    "memorysetup-temp-allocator-size-gi-baking-worker=262144"
    "memorysetup-temp-allocator-size-gfx=262144"
Player connection [45464] Host "[IP] 10.0.0.74 [Port] 0 [Flags] 2 [Guid] 1233179812 [EditorId] 1233179812 [Version] 1048832 [Id] WindowsEditor(7,DESKTOP-BNC2LV3) [Debug] 1 [PackageName] WindowsEditor [ProjectName] Editor" joined multi-casting on [225.0.0.222:54997]...
Player connection [45464] Host "[IP] 10.0.0.74 [Port] 0 [Flags] 2 [Guid] 1233179812 [EditorId] 1233179812 [Version] 1048832 [Id] WindowsEditor(7,DESKTOP-BNC2LV3) [Debug] 1 [PackageName] WindowsEditor [ProjectName] Editor" joined alternative multi-casting on [225.0.0.222:34997]...
JobSystem: Creating JobQueue using job-worker-count value 7
[Physics::Module] Initialized MultithreadedJobDispatcher with 7 workers.
Library Redirect Path: Library/
Refreshing native plugins compatible for Editor in 4.11 ms, found 4 plugins.
Preloading 0 native plugins for Editor in 0.00 ms.
Initialize engine version: 2023.2.14f1 (eeca29774eb5)
[Subsystems] Discovering subsystems at path C:/Program Files/Unity/Hub/Editor/2023.2.14f1/Editor/Data/Resources/UnitySubsystems
[Subsystems] Discovering subsystems at path D:/Repos/UnityProjects/TBD-TopDownGame/TopDownTrial/Assets
GfxDevice: creating device client; kGfxThreadingModeNonThreaded
Direct3D:
    Version:         Direct3D 12 [level 12.1]
    Renderer:        AMD Radeon RX 7900 XTX (ID=0x744c)
    Vendor:          ATI
    VRAM:            24512 MB
    App VRAM Budget: 23744 MB
    Driver:          31.0.24027.1012
d3d12: Profiler is enabled, but stable power state is not. GPU timing errors are expected.
Initialize mono
Mono path[0] = 'C:/Program Files/Unity/Hub/Editor/2023.2.14f1/Editor/Data/Managed'
Mono path[1] = 'C:/Program Files/Unity/Hub/Editor/2023.2.14f1/Editor/Data/MonoBleedingEdge/lib/mono/unityjit-win32'
Mono config path = 'C:/Program Files/Unity/Hub/Editor/2023.2.14f1/Editor/Data/MonoBleedingEdge/etc'
Using monoOptions --debugger-agent=transport=dt_socket,embedding=1,server=y,suspend=n,address=127.0.0.1:56132
Begin MonoManager ReloadAssembly
C:\build\output\Unity-Technologies\mono\mono\metadata\icall.c:1842:
C:\build\output\Unity-Technologies\mono\mono\metadata\icall.c:1842:
C:\build\output\Unity-Technologies\mono\mono\metadata\icall.c:1842:
C:\build\output\Unity-Technologies\mono\mono\metadata\icall.c:1842:
C:\build\output\Unity-Technologies\mono\mono\metadata\icall.c:1842:
C:\build\output\Unity-Technologies\mono\mono\metadata\icall.c:1842:
C:\build\output\Unity-Technologies\mono\mono\metadata\icall.c:1842:
C:\build\output\Unity-Technologies\mono\mono\metadata\icall.c:1842:
C:\build\output\Unity-Technologies\mono\mono\metadata\icall.c:1842:
C:\build\output\Unity-Technologies\mono\mono\metadata\icall.c:1842:
Registering precompiled unity dll's ...
Register platform support module: C:/Program Files/Unity/Hub/Editor/2023.2.14f1/Editor/Data/PlaybackEngines/WebGLSupport/UnityEditor.WebGL.Extensions.dll
Register platform support module: C:/Program Files/Unity/Hub/Editor/2023.2.14f1/Editor/Data/PlaybackEngines/WindowsStandaloneSupport/UnityEditor.WindowsStandalone.Extensions.dll
Register platform support module: C:/Program Files/Unity/Hub/Editor/2023.2.14f1/Editor/Data/PlaybackEngines/AndroidPlayer/UnityEditor.Android.Extensions.dll
Registered in 0.007691 seconds.
- Loaded All Assemblies, in  0.374 seconds
Native extension for Android target not found
Android Extension - Scanning For ADB Devices 1780 ms
Native extension for WindowsStandalone target not found
Native extension for WebGL target not found
Mono: successfully reloaded assembly
C:\build\output\Unity-Technologies\mono\mono\metadata\icall.c:1842:
C:\build\output\Unity-Technologies\mono\mono\metadata\icall.c:1842:
- Finished resetting the current domain, in  2.132 seconds
Domain Reload Profiling: 2500ms
	BeginReloadAssembly (129ms)
		ExecutionOrderSort (0ms)
		DisableScriptedObjects (0ms)
		BackupInstance (0ms)
		ReleaseScriptingObjects (0ms)
		CreateAndSetChildDomain (1ms)
	RebuildCommonClasses (31ms)
	RebuildNativeTypeToScriptingClass (11ms)
	initialDomainReloadingComplete (52ms)
	LoadAllAssembliesAndSetupDomain (145ms)
		LoadAssemblies (123ms)
		RebuildTransferFunctionScriptingTraits (0ms)
		AnalyzeDomain (142ms)
			TypeCache.Refresh (141ms)
				TypeCache.ScanAssembly (130ms)
			BuildScriptInfoCaches (0ms)
			ResolveRequiredComponents (1ms)
	FinalizeReload (2132ms)
		ReleaseScriptCaches (0ms)
		RebuildScriptCaches (0ms)
		SetupLoadedEditorAssemblies (2077ms)
			LogAssemblyErrors (0ms)
			InitializePlatformSupportModulesInManaged (1887ms)
			SetLoadedEditorAssemblies (3ms)
			BeforeProcessingInitializeOnLoad (6ms)
			ProcessInitializeOnLoadAttributes (134ms)
			ProcessInitializeOnLoadMethodAttributes (47ms)
			AfterProcessingInitializeOnLoad (0ms)
			EditorAssembliesLoaded (0ms)
		ExecutionOrderSort2 (0ms)
		AwakeInstancesAfterBackupRestoration (0ms)
========================================================================
Worker process is ready to serve import requests
Import Worker Mode flag is 0x00
Begin MonoManager ReloadAssembly
C:\build\output\Unity-Technologies\mono\mono\metadata\icall.c:1842:
C:\build\output\Unity-Technologies\mono\mono\metadata\icall.c:1842:
C:\build\output\Unity-Technologies\mono\mono\metadata\icall.c:1842:
C:\build\output\Unity-Technologies\mono\mono\metadata\icall.c:1842:
C:\build\output\Unity-Technologies\mono\mono\metadata\icall.c:1842:
C:\build\output\Unity-Technologies\mono\mono\metadata\icall.c:1842:
C:\build\output\Unity-Technologies\mono\mono\metadata\icall.c:1842:
C:\build\output\Unity-Technologies\mono\mono\metadata\icall.c:1842:
C:\build\output\Unity-Technologies\mono\mono\metadata\icall.c:1842:
C:\build\output\Unity-Technologies\mono\mono\metadata\icall.c:1842:
C:\build\output\Unity-Technologies\mono\mono\metadata\icall.c:1842:
C:\build\output\Unity-Technologies\mono\mono\metadata\icall.c:1842:
Symbol file LoadedFromMemory doesn't match image D:\Repos\UnityProjects\TBD-TopDownGame\TopDownTrial\Library\PackageCache\com.unity.visualscripting@1.8.0\Editor\VisualScripting.Core\Dependencies\YamlDotNet\Unity.VisualScripting.YamlDotNet.dll
Symbol file LoadedFromMemory doesn't match image D:\Repos\UnityProjects\TBD-TopDownGame\TopDownTrial\Library\PackageCache\com.unity.visualscripting@1.8.0\Editor\VisualScripting.Core\Dependencies\DotNetZip\Unity.VisualScripting.IonicZip.dll
- Loaded All Assemblies, in  0.865 seconds
Refreshing native plugins compatible for Editor in 2.26 ms, found 4 plugins.
Native extension for Android target not found
Native extension for WindowsStandalone target not found
Native extension for WebGL target not found
Mono: successfully reloaded assembly
- Finished resetting the current domain, in  0.725 seconds
Domain Reload Profiling: 1578ms
	BeginReloadAssembly (283ms)
		ExecutionOrderSort (0ms)
		DisableScriptedObjects (5ms)
		BackupInstance (0ms)
		ReleaseScriptingObjects (0ms)
		CreateAndSetChildDomain (30ms)
	RebuildCommonClasses (29ms)
	RebuildNativeTypeToScriptingClass (10ms)
	initialDomainReloadingComplete (40ms)
	LoadAllAssembliesAndSetupDomain (491ms)
		LoadAssemblies (376ms)
		RebuildTransferFunctionScriptingTraits (0ms)
		AnalyzeDomain (208ms)
			TypeCache.Refresh (165ms)
				TypeCache.ScanAssembly (150ms)
			BuildScriptInfoCaches (31ms)
			ResolveRequiredComponents (9ms)
	FinalizeReload (726ms)
		ReleaseScriptCaches (0ms)
		RebuildScriptCaches (0ms)
		SetupLoadedEditorAssemblies (500ms)
			LogAssemblyErrors (0ms)
			InitializePlatformSupportModulesInManaged (18ms)
			SetLoadedEditorAssemblies (5ms)
			BeforeProcessingInitializeOnLoad (73ms)
			ProcessInitializeOnLoadAttributes (348ms)
			ProcessInitializeOnLoadMethodAttributes (47ms)
			AfterProcessingInitializeOnLoad (9ms)
			EditorAssembliesLoaded (0ms)
		ExecutionOrderSort2 (0ms)
		AwakeInstancesAfterBackupRestoration (8ms)
Launched and connected shader compiler UnityShaderCompiler.exe after 0.02 seconds
Refreshing native plugins compatible for Editor in 2.95 ms, found 4 plugins.
Preloading 0 native plugins for Editor in 0.00 ms.
Unloading 170 Unused Serialized files (Serialized files now loaded: 0)
Unloading 6219 unused Assets / (5.1 MB). Loaded Objects now: 6896.
Memory consumption went from 186.5 MB to 181.4 MB.
Total: 7.996400 ms (FindLiveObjects: 0.629000 ms CreateObjectMapping: 0.391800 ms MarkObjects: 4.448200 ms  DeleteObjects: 2.526600 ms)

========================================================================
Received Import Request.
  Time since last request: 1398393.503203 seconds.
  path: Assets/InputSystem.inputsettings.asset
  artifactKey: Guid(2598be2395ebd9f4baeaa87e97f0ab68) Importer(815301076,1909f56bfc062723c751e8b465ee728b)
Start importing Assets/InputSystem.inputsettings.asset using Guid(2598be2395ebd9f4baeaa87e97f0ab68) Importer(815301076,1909f56bfc062723c751e8b465ee728b) (PreviewImporter) -> (artifact id: 'd8ac6ebd22db6c76bdf7f7eb5f4ef239') in 0.0184724 seconds
Number of updated asset objects reloaded before import = 0Number of asset objects unloaded after import = 1

========================================================================
Received Prepare
Begin MonoManager ReloadAssembly
C:\build\output\Unity-Technologies\mono\mono\metadata\icall.c:1842:
C:\build\output\Unity-Technologies\mono\mono\metadata\icall.c:1842:
C:\build\output\Unity-Technologies\mono\mono\metadata\icall.c:1842:
C:\build\output\Unity-Technologies\mono\mono\metadata\icall.c:1842:
C:\build\output\Unity-Technologies\mono\mono\metadata\icall.c:1842:
C:\build\output\Unity-Technologies\mono\mono\metadata\icall.c:1842:
C:\build\output\Unity-Technologies\mono\mono\metadata\icall.c:1842:
C:\build\output\Unity-Technologies\mono\mono\metadata\icall.c:1842:
C:\build\output\Unity-Technologies\mono\mono\metadata\icall.c:1842:
C:\build\output\Unity-Technologies\mono\mono\metadata\icall.c:1842:
C:\build\output\Unity-Technologies\mono\mono\metadata\icall.c:1842:
C:\build\output\Unity-Technologies\mono\mono\metadata\icall.c:1842:
Symbol file LoadedFromMemory doesn't match image D:\Repos\UnityProjects\TBD-TopDownGame\TopDownTrial\Library\PackageCache\com.unity.visualscripting@1.8.0\Editor\VisualScripting.Core\Dependencies\YamlDotNet\Unity.VisualScripting.YamlDotNet.dll
Symbol file LoadedFromMemory doesn't match image D:\Repos\UnityProjects\TBD-TopDownGame\TopDownTrial\Library\PackageCache\com.unity.visualscripting@1.8.0\Editor\VisualScripting.Core\Dependencies\DotNetZip\Unity.VisualScripting.IonicZip.dll
- Loaded All Assemblies, in  0.643 seconds
Refreshing native plugins compatible for Editor in 1.78 ms, found 4 plugins.
Native extension for Android target not found
Native extension for WindowsStandalone target not found
Native extension for WebGL target not found
Mono: successfully reloaded assembly
- Finished resetting the current domain, in  0.739 seconds
Domain Reload Profiling: 1374ms
	BeginReloadAssembly (190ms)
		ExecutionOrderSort (0ms)
		DisableScriptedObjects (10ms)
		BackupInstance (0ms)
		ReleaseScriptingObjects (0ms)
		CreateAndSetChildDomain (52ms)
	RebuildCommonClasses (30ms)
	RebuildNativeTypeToScriptingClass (12ms)
	initialDomainReloadingComplete (32ms)
	LoadAllAssembliesAndSetupDomain (370ms)
		LoadAssemblies (320ms)
		RebuildTransferFunctionScriptingTraits (0ms)
		AnalyzeDomain (131ms)
			TypeCache.Refresh (5ms)
				TypeCache.ScanAssembly (0ms)
			BuildScriptInfoCaches (115ms)
			ResolveRequiredComponents (9ms)
	FinalizeReload (740ms)
		ReleaseScriptCaches (0ms)
		RebuildScriptCaches (0ms)
		SetupLoadedEditorAssemblies (521ms)
			LogAssemblyErrors (0ms)
			InitializePlatformSupportModulesInManaged (20ms)
			SetLoadedEditorAssemblies (5ms)
			BeforeProcessingInitializeOnLoad (71ms)
			ProcessInitializeOnLoadAttributes (370ms)
			ProcessInitializeOnLoadMethodAttributes (46ms)
			AfterProcessingInitializeOnLoad (10ms)
			EditorAssembliesLoaded (0ms)
		ExecutionOrderSort2 (0ms)
		AwakeInstancesAfterBackupRestoration (13ms)
Refreshing native plugins compatible for Editor in 2.50 ms, found 4 plugins.
Preloading 0 native plugins for Editor in 0.00 ms.
Unloading 21 Unused Serialized files (Serialized files now loaded: 0)
Unloading 6217 unused Assets / (5.5 MB). Loaded Objects now: 6901.
Memory consumption went from 165.2 MB to 159.7 MB.
Total: 9.613900 ms (FindLiveObjects: 0.789400 ms CreateObjectMapping: 0.679400 ms MarkObjects: 5.057400 ms  DeleteObjects: 3.086700 ms)

Prepare: number of updated asset objects reloaded= 0
========================================================================
Received Import Request.
  Time since last request: 2349.678933 seconds.
  path: Assets/Prefabs/Player.prefab
  artifactKey: Guid(87769c7a5b35ba145ae22a0091bb9fcc) Importer(815301076,1909f56bfc062723c751e8b465ee728b)
Start importing Assets/Prefabs/Player.prefab using Guid(87769c7a5b35ba145ae22a0091bb9fcc) Importer(815301076,1909f56bfc062723c751e8b465ee728b) (PreviewImporter) -> (artifact id: '204b23e21a2d9749416708e46433d6ad') in 0.0331953 seconds
Number of updated asset objects reloaded before import = 0Number of asset objects unloaded after import = 11

========================================================================
Received Import Request.
  Time since last request: 10.049979 seconds.
  path: Assets/Gameart/Sprout Lands - Sprites - premium pack/Characters/Basic Charakter Spritesheet.png
  artifactKey: Guid(b6e8f8b02910acb439166b08232c3eb9) Importer(815301076,1909f56bfc062723c751e8b465ee728b)
Start importing Assets/Gameart/Sprout Lands - Sprites - premium pack/Characters/Basic Charakter Spritesheet.png using Guid(b6e8f8b02910acb439166b08232c3eb9) Importer(815301076,1909f56bfc062723c751e8b465ee728b) (PreviewImporter) -> (artifact id: '4a50a1b06af229f173f4887c1fd61d84') in 0.074373 seconds
Number of updated asset objects reloaded before import = 0Number of asset objects unloaded after import = 18

========================================================================
Received Import Request.
  Time since last request: 0.000015 seconds.
  path: Assets/Gameart/Sprout Lands - Sprites - premium pack/Characters/Premium Charakter Spritesheet.png
  artifactKey: Guid(6aafb52c75a9ec642bc490ba682391c7) Importer(815301076,1909f56bfc062723c751e8b465ee728b)
Start importing Assets/Gameart/Sprout Lands - Sprites - premium pack/Characters/Premium Charakter Spritesheet.png using Guid(6aafb52c75a9ec642bc490ba682391c7) Importer(815301076,1909f56bfc062723c751e8b465ee728b) (PreviewImporter) -> (artifact id: '72c2f524b150151a84c09bf568530f36') in 0.3544832 seconds
Number of updated asset objects reloaded before import = 0Number of asset objects unloaded after import = 194

========================================================================
Received Prepare
Begin MonoManager ReloadAssembly
C:\build\output\Unity-Technologies\mono\mono\metadata\icall.c:1842:
C:\build\output\Unity-Technologies\mono\mono\metadata\icall.c:1842:
C:\build\output\Unity-Technologies\mono\mono\metadata\icall.c:1842:
C:\build\output\Unity-Technologies\mono\mono\metadata\icall.c:1842:
C:\build\output\Unity-Technologies\mono\mono\metadata\icall.c:1842:
C:\build\output\Unity-Technologies\mono\mono\metadata\icall.c:1842:
C:\build\output\Unity-Technologies\mono\mono\metadata\icall.c:1842:
C:\build\output\Unity-Technologies\mono\mono\metadata\icall.c:1842:
C:\build\output\Unity-Technologies\mono\mono\metadata\icall.c:1842:
C:\build\output\Unity-Technologies\mono\mono\metadata\icall.c:1842:
C:\build\output\Unity-Technologies\mono\mono\metadata\icall.c:1842:
C:\build\output\Unity-Technologies\mono\mono\metadata\icall.c:1842:
Symbol file LoadedFromMemory doesn't match image D:\Repos\UnityProjects\TBD-TopDownGame\TopDownTrial\Library\PackageCache\com.unity.visualscripting@1.8.0\Editor\VisualScripting.Core\Dependencies\YamlDotNet\Unity.VisualScripting.YamlDotNet.dll
Symbol file LoadedFromMemory doesn't match image D:\Repos\UnityProjects\TBD-TopDownGame\TopDownTrial\Library\PackageCache\com.unity.visualscripting@1.8.0\Editor\VisualScripting.Core\Dependencies\DotNetZip\Unity.VisualScripting.IonicZip.dll
- Loaded All Assemblies, in  0.644 seconds
Refreshing native plugins compatible for Editor in 2.22 ms, found 4 plugins.
Native extension for Android target not found
Native extension for WindowsStandalone target not found
Native extension for WebGL target not found
Mono: successfully reloaded assembly
- Finished resetting the current domain, in  0.674 seconds
Domain Reload Profiling: 1308ms
	BeginReloadAssembly (179ms)
		ExecutionOrderSort (0ms)
		DisableScriptedObjects (10ms)
		BackupInstance (0ms)
		ReleaseScriptingObjects (0ms)
		CreateAndSetChildDomain (43ms)
	RebuildCommonClasses (26ms)
	RebuildNativeTypeToScriptingClass (10ms)
	initialDomainReloadingComplete (33ms)
	LoadAllAssembliesAndSetupDomain (384ms)
		LoadAssemblies (315ms)
		RebuildTransferFunctionScriptingTraits (0ms)
		AnalyzeDomain (149ms)
			TypeCache.Refresh (5ms)
				TypeCache.ScanAssembly (0ms)
			BuildScriptInfoCaches (129ms)
			ResolveRequiredComponents (12ms)
	FinalizeReload (675ms)
		ReleaseScriptCaches (0ms)
		RebuildScriptCaches (0ms)
		SetupLoadedEditorAssemblies (477ms)
			LogAssemblyErrors (0ms)
			InitializePlatformSupportModulesInManaged (18ms)
			SetLoadedEditorAssemblies (5ms)
			BeforeProcessingInitializeOnLoad (71ms)
			ProcessInitializeOnLoadAttributes (337ms)
			ProcessInitializeOnLoadMethodAttributes (39ms)
			AfterProcessingInitializeOnLoad (8ms)
			EditorAssembliesLoaded (0ms)
		ExecutionOrderSort2 (0ms)
		AwakeInstancesAfterBackupRestoration (10ms)
Refreshing native plugins compatible for Editor in 2.06 ms, found 4 plugins.
Preloading 0 native plugins for Editor in 0.00 ms.
Unloading 20 Unused Serialized files (Serialized files now loaded: 0)
Unloading 6217 unused Assets / (5.0 MB). Loaded Objects now: 6907.
Memory consumption went from 168.1 MB to 163.2 MB.
Total: 7.175600 ms (FindLiveObjects: 0.628000 ms CreateObjectMapping: 0.428500 ms MarkObjects: 4.143600 ms  DeleteObjects: 1.974600 ms)

Prepare: number of updated asset objects reloaded= 0
========================================================================
Received Prepare
Begin MonoManager ReloadAssembly
C:\build\output\Unity-Technologies\mono\mono\metadata\icall.c:1842:
C:\build\output\Unity-Technologies\mono\mono\metadata\icall.c:1842:
C:\build\output\Unity-Technologies\mono\mono\metadata\icall.c:1842:
C:\build\output\Unity-Technologies\mono\mono\metadata\icall.c:1842:
C:\build\output\Unity-Technologies\mono\mono\metadata\icall.c:1842:
C:\build\output\Unity-Technologies\mono\mono\metadata\icall.c:1842:
C:\build\output\Unity-Technologies\mono\mono\metadata\icall.c:1842:
C:\build\output\Unity-Technologies\mono\mono\metadata\icall.c:1842:
C:\build\output\Unity-Technologies\mono\mono\metadata\icall.c:1842:
C:\build\output\Unity-Technologies\mono\mono\metadata\icall.c:1842:
C:\build\output\Unity-Technologies\mono\mono\metadata\icall.c:1842:
C:\build\output\Unity-Technologies\mono\mono\metadata\icall.c:1842:
Symbol file LoadedFromMemory doesn't match image D:\Repos\UnityProjects\TBD-TopDownGame\TopDownTrial\Library\PackageCache\com.unity.visualscripting@1.8.0\Editor\VisualScripting.Core\Dependencies\YamlDotNet\Unity.VisualScripting.YamlDotNet.dll
Symbol file LoadedFromMemory doesn't match image D:\Repos\UnityProjects\TBD-TopDownGame\TopDownTrial\Library\PackageCache\com.unity.visualscripting@1.8.0\Editor\VisualScripting.Core\Dependencies\DotNetZip\Unity.VisualScripting.IonicZip.dll
- Loaded All Assemblies, in  0.620 seconds
Refreshing native plugins compatible for Editor in 2.17 ms, found 4 plugins.
Native extension for Android target not found
Native extension for WindowsStandalone target not found
Native extension for WebGL target not found
Mono: successfully reloaded assembly
- Finished resetting the current domain, in  0.715 seconds
Domain Reload Profiling: 1327ms
	BeginReloadAssembly (176ms)
		ExecutionOrderSort (0ms)
		DisableScriptedObjects (9ms)
		BackupInstance (0ms)
		ReleaseScriptingObjects (0ms)
		CreateAndSetChildDomain (40ms)
	RebuildCommonClasses (27ms)
	RebuildNativeTypeToScriptingClass (10ms)
	initialDomainReloadingComplete (30ms)
	LoadAllAssembliesAndSetupDomain (368ms)
		LoadAssemblies (316ms)
		RebuildTransferFunctionScriptingTraits (0ms)
		AnalyzeDomain (133ms)
			TypeCache.Refresh (5ms)
				TypeCache.ScanAssembly (0ms)
			BuildScriptInfoCaches (116ms)
			ResolveRequiredComponents (8ms)
	FinalizeReload (716ms)
		ReleaseScriptCaches (0ms)
		RebuildScriptCaches (0ms)
		SetupLoadedEditorAssemblies (507ms)
			LogAssemblyErrors (0ms)
			InitializePlatformSupportModulesInManaged (18ms)
			SetLoadedEditorAssemblies (4ms)
			BeforeProcessingInitializeOnLoad (62ms)
			ProcessInitializeOnLoadAttributes (361ms)
			ProcessInitializeOnLoadMethodAttributes (51ms)
			AfterProcessingInitializeOnLoad (10ms)
			EditorAssembliesLoaded (0ms)
		ExecutionOrderSort2 (0ms)
		AwakeInstancesAfterBackupRestoration (12ms)
Refreshing native plugins compatible for Editor in 2.92 ms, found 4 plugins.
Preloading 0 native plugins for Editor in 0.00 ms.
Unloading 20 Unused Serialized files (Serialized files now loaded: 0)
Unloading 6217 unused Assets / (5.4 MB). Loaded Objects now: 6907.
Memory consumption went from 171.5 MB to 166.2 MB.
Total: 8.350700 ms (FindLiveObjects: 0.562400 ms CreateObjectMapping: 0.378400 ms MarkObjects: 5.048900 ms  DeleteObjects: 2.360100 ms)

Prepare: number of updated asset objects reloaded= 0
========================================================================
Received Prepare
Begin MonoManager ReloadAssembly
C:\build\output\Unity-Technologies\mono\mono\metadata\icall.c:1842:
C:\build\output\Unity-Technologies\mono\mono\metadata\icall.c:1842:
C:\build\output\Unity-Technologies\mono\mono\metadata\icall.c:1842:
C:\build\output\Unity-Technologies\mono\mono\metadata\icall.c:1842:
C:\build\output\Unity-Technologies\mono\mono\metadata\icall.c:1842:
C:\build\output\Unity-Technologies\mono\mono\metadata\icall.c:1842:
C:\build\output\Unity-Technologies\mono\mono\metadata\icall.c:1842:
C:\build\output\Unity-Technologies\mono\mono\metadata\icall.c:1842:
C:\build\output\Unity-Technologies\mono\mono\metadata\icall.c:1842:
C:\build\output\Unity-Technologies\mono\mono\metadata\icall.c:1842:
C:\build\output\Unity-Technologies\mono\mono\metadata\icall.c:1842:
C:\build\output\Unity-Technologies\mono\mono\metadata\icall.c:1842:
Symbol file LoadedFromMemory doesn't match image D:\Repos\UnityProjects\TBD-TopDownGame\TopDownTrial\Library\PackageCache\com.unity.visualscripting@1.8.0\Editor\VisualScripting.Core\Dependencies\YamlDotNet\Unity.VisualScripting.YamlDotNet.dll
Symbol file LoadedFromMemory doesn't match image D:\Repos\UnityProjects\TBD-TopDownGame\TopDownTrial\Library\PackageCache\com.unity.visualscripting@1.8.0\Editor\VisualScripting.Core\Dependencies\DotNetZip\Unity.VisualScripting.IonicZip.dll
- Loaded All Assemblies, in  0.636 seconds
Refreshing native plugins compatible for Editor in 1.88 ms, found 4 plugins.
Native extension for Android target not found
Native extension for WindowsStandalone target not found
Native extension for WebGL target not found
Mono: successfully reloaded assembly
- Finished resetting the current domain, in  0.678 seconds
Domain Reload Profiling: 1306ms
	BeginReloadAssembly (175ms)
		ExecutionOrderSort (0ms)
		DisableScriptedObjects (9ms)
		BackupInstance (0ms)
		ReleaseScriptingObjects (0ms)
		CreateAndSetChildDomain (42ms)
	RebuildCommonClasses (29ms)
	RebuildNativeTypeToScriptingClass (10ms)
	initialDomainReloadingComplete (29ms)
	LoadAllAssembliesAndSetupDomain (385ms)
		LoadAssemblies (327ms)
		RebuildTransferFunctionScriptingTraits (0ms)
		AnalyzeDomain (139ms)
			TypeCache.Refresh (6ms)
				TypeCache.ScanAssembly (0ms)
			BuildScriptInfoCaches (122ms)
			ResolveRequiredComponents (9ms)
	FinalizeReload (678ms)
		ReleaseScriptCaches (0ms)
		RebuildScriptCaches (0ms)
		SetupLoadedEditorAssemblies (469ms)
			LogAssemblyErrors (0ms)
			InitializePlatformSupportModulesInManaged (16ms)
			SetLoadedEditorAssemblies (4ms)
			BeforeProcessingInitializeOnLoad (57ms)
			ProcessInitializeOnLoadAttributes (334ms)
			ProcessInitializeOnLoadMethodAttributes (49ms)
			AfterProcessingInitializeOnLoad (9ms)
			EditorAssembliesLoaded (0ms)
		ExecutionOrderSort2 (0ms)
		AwakeInstancesAfterBackupRestoration (11ms)
Refreshing native plugins compatible for Editor in 2.52 ms, found 4 plugins.
Preloading 0 native plugins for Editor in 0.00 ms.
Unloading 20 Unused Serialized files (Serialized files now loaded: 0)
Unloading 6217 unused Assets / (5.4 MB). Loaded Objects now: 6907.
Memory consumption went from 174.9 MB to 169.6 MB.
Total: 8.393000 ms (FindLiveObjects: 0.558300 ms CreateObjectMapping: 0.541200 ms MarkObjects: 4.816400 ms  DeleteObjects: 2.476300 ms)

Prepare: number of updated asset objects reloaded= 0
========================================================================
Received Prepare
Begin MonoManager ReloadAssembly
C:\build\output\Unity-Technologies\mono\mono\metadata\icall.c:1842:
C:\build\output\Unity-Technologies\mono\mono\metadata\icall.c:1842:
C:\build\output\Unity-Technologies\mono\mono\metadata\icall.c:1842:
C:\build\output\Unity-Technologies\mono\mono\metadata\icall.c:1842:
C:\build\output\Unity-Technologies\mono\mono\metadata\icall.c:1842:
C:\build\output\Unity-Technologies\mono\mono\metadata\icall.c:1842:
C:\build\output\Unity-Technologies\mono\mono\metadata\icall.c:1842:
C:\build\output\Unity-Technologies\mono\mono\metadata\icall.c:1842:
C:\build\output\Unity-Technologies\mono\mono\metadata\icall.c:1842:
C:\build\output\Unity-Technologies\mono\mono\metadata\icall.c:1842:
C:\build\output\Unity-Technologies\mono\mono\metadata\icall.c:1842:
C:\build\output\Unity-Technologies\mono\mono\metadata\icall.c:1842:
Symbol file LoadedFromMemory doesn't match image D:\Repos\UnityProjects\TBD-TopDownGame\TopDownTrial\Library\PackageCache\com.unity.visualscripting@1.8.0\Editor\VisualScripting.Core\Dependencies\YamlDotNet\Unity.VisualScripting.YamlDotNet.dll
Symbol file LoadedFromMemory doesn't match image D:\Repos\UnityProjects\TBD-TopDownGame\TopDownTrial\Library\PackageCache\com.unity.visualscripting@1.8.0\Editor\VisualScripting.Core\Dependencies\DotNetZip\Unity.VisualScripting.IonicZip.dll
- Loaded All Assemblies, in  0.674 seconds
Refreshing native plugins compatible for Editor in 2.43 ms, found 4 plugins.
Native extension for Android target not found
Native extension for WindowsStandalone target not found
Native extension for WebGL target not found
Mono: successfully reloaded assembly
- Finished resetting the current domain, in  0.638 seconds
Domain Reload Profiling: 1303ms
	BeginReloadAssembly (188ms)
		ExecutionOrderSort (0ms)
		DisableScriptedObjects (9ms)
		BackupInstance (0ms)
		ReleaseScriptingObjects (0ms)
		CreateAndSetChildDomain (42ms)
	RebuildCommonClasses (29ms)
	RebuildNativeTypeToScriptingClass (12ms)
	initialDomainReloadingComplete (36ms)
	LoadAllAssembliesAndSetupDomain (399ms)
		LoadAssemblies (351ms)
		RebuildTransferFunctionScriptingTraits (0ms)
		AnalyzeDomain (139ms)
			TypeCache.Refresh (10ms)
				TypeCache.ScanAssembly (4ms)
			BuildScriptInfoCaches (117ms)
			ResolveRequiredComponents (9ms)
	FinalizeReload (639ms)
		ReleaseScriptCaches (0ms)
		RebuildScriptCaches (0ms)
		SetupLoadedEditorAssemblies (449ms)
			LogAssemblyErrors (0ms)
			InitializePlatformSupportModulesInManaged (16ms)
			SetLoadedEditorAssemblies (4ms)
			BeforeProcessingInitializeOnLoad (67ms)
			ProcessInitializeOnLoadAttributes (316ms)
			ProcessInitializeOnLoadMethodAttributes (36ms)
			AfterProcessingInitializeOnLoad (8ms)
			EditorAssembliesLoaded (0ms)
		ExecutionOrderSort2 (0ms)
		AwakeInstancesAfterBackupRestoration (9ms)
Refreshing native plugins compatible for Editor in 2.04 ms, found 4 plugins.
Preloading 0 native plugins for Editor in 0.00 ms.
Unloading 22 Unused Serialized files (Serialized files now loaded: 0)
Unloading 6381 unused Assets / (5.4 MB). Loaded Objects now: 7069.
Memory consumption went from 179.4 MB to 173.9 MB.
Total: 7.687300 ms (FindLiveObjects: 0.573700 ms CreateObjectMapping: 0.302000 ms MarkObjects: 4.499600 ms  DeleteObjects: 2.311600 ms)

Prepare: number of updated asset objects reloaded= 0
========================================================================
Received Prepare
Begin MonoManager ReloadAssembly
C:\build\output\Unity-Technologies\mono\mono\metadata\icall.c:1842:
C:\build\output\Unity-Technologies\mono\mono\metadata\icall.c:1842:
C:\build\output\Unity-Technologies\mono\mono\metadata\icall.c:1842:
C:\build\output\Unity-Technologies\mono\mono\metadata\icall.c:1842:
C:\build\output\Unity-Technologies\mono\mono\metadata\icall.c:1842:
C:\build\output\Unity-Technologies\mono\mono\metadata\icall.c:1842:
C:\build\output\Unity-Technologies\mono\mono\metadata\icall.c:1842:
C:\build\output\Unity-Technologies\mono\mono\metadata\icall.c:1842:
C:\build\output\Unity-Technologies\mono\mono\metadata\icall.c:1842:
C:\build\output\Unity-Technologies\mono\mono\metadata\icall.c:1842:
C:\build\output\Unity-Technologies\mono\mono\metadata\icall.c:1842:
C:\build\output\Unity-Technologies\mono\mono\metadata\icall.c:1842:
Symbol file LoadedFromMemory doesn't match image D:\Repos\UnityProjects\TBD-TopDownGame\TopDownTrial\Library\PackageCache\com.unity.visualscripting@1.8.0\Editor\VisualScripting.Core\Dependencies\YamlDotNet\Unity.VisualScripting.YamlDotNet.dll
Symbol file LoadedFromMemory doesn't match image D:\Repos\UnityProjects\TBD-TopDownGame\TopDownTrial\Library\PackageCache\com.unity.visualscripting@1.8.0\Editor\VisualScripting.Core\Dependencies\DotNetZip\Unity.VisualScripting.IonicZip.dll
- Loaded All Assemblies, in  0.632 seconds
Refreshing native plugins compatible for Editor in 2.40 ms, found 4 plugins.
Native extension for Android target not found
Native extension for WindowsStandalone target not found
Native extension for WebGL target not found
Mono: successfully reloaded assembly
- Finished resetting the current domain, in  0.731 seconds
Domain Reload Profiling: 1355ms
	BeginReloadAssembly (175ms)
		ExecutionOrderSort (0ms)
		DisableScriptedObjects (9ms)
		BackupInstance (0ms)
		ReleaseScriptingObjects (0ms)
		CreateAndSetChildDomain (41ms)
	RebuildCommonClasses (27ms)
	RebuildNativeTypeToScriptingClass (10ms)
	initialDomainReloadingComplete (29ms)
	LoadAllAssembliesAndSetupDomain (382ms)
		LoadAssemblies (320ms)
		RebuildTransferFunctionScriptingTraits (0ms)
		AnalyzeDomain (142ms)
			TypeCache.Refresh (5ms)
				TypeCache.ScanAssembly (0ms)
			BuildScriptInfoCaches (125ms)
			ResolveRequiredComponents (9ms)
	FinalizeReload (732ms)
		ReleaseScriptCaches (0ms)
		RebuildScriptCaches (0ms)
		SetupLoadedEditorAssemblies (531ms)
			LogAssemblyErrors (0ms)
			InitializePlatformSupportModulesInManaged (16ms)
			SetLoadedEditorAssemblies (4ms)
			BeforeProcessingInitializeOnLoad (62ms)
			ProcessInitializeOnLoadAttributes (393ms)
			ProcessInitializeOnLoadMethodAttributes (45ms)
			AfterProcessingInitializeOnLoad (10ms)
			EditorAssembliesLoaded (0ms)
		ExecutionOrderSort2 (0ms)
		AwakeInstancesAfterBackupRestoration (12ms)
Refreshing native plugins compatible for Editor in 3.10 ms, found 4 plugins.
Preloading 0 native plugins for Editor in 0.00 ms.
Unloading 22 Unused Serialized files (Serialized files now loaded: 0)
Unloading 6381 unused Assets / (5.3 MB). Loaded Objects now: 7069.
Memory consumption went from 182.9 MB to 177.6 MB.
Total: 8.477400 ms (FindLiveObjects: 0.662300 ms CreateObjectMapping: 0.496500 ms MarkObjects: 5.128800 ms  DeleteObjects: 2.188800 ms)

Prepare: number of updated asset objects reloaded= 0
========================================================================
Received Prepare
Begin MonoManager ReloadAssembly
C:\build\output\Unity-Technologies\mono\mono\metadata\icall.c:1842:
C:\build\output\Unity-Technologies\mono\mono\metadata\icall.c:1842:
C:\build\output\Unity-Technologies\mono\mono\metadata\icall.c:1842:
C:\build\output\Unity-Technologies\mono\mono\metadata\icall.c:1842:
C:\build\output\Unity-Technologies\mono\mono\metadata\icall.c:1842:
C:\build\output\Unity-Technologies\mono\mono\metadata\icall.c:1842:
C:\build\output\Unity-Technologies\mono\mono\metadata\icall.c:1842:
C:\build\output\Unity-Technologies\mono\mono\metadata\icall.c:1842:
C:\build\output\Unity-Technologies\mono\mono\metadata\icall.c:1842:
C:\build\output\Unity-Technologies\mono\mono\metadata\icall.c:1842:
C:\build\output\Unity-Technologies\mono\mono\metadata\icall.c:1842:
C:\build\output\Unity-Technologies\mono\mono\metadata\icall.c:1842:
Symbol file LoadedFromMemory doesn't match image D:\Repos\UnityProjects\TBD-TopDownGame\TopDownTrial\Library\PackageCache\com.unity.visualscripting@1.8.0\Editor\VisualScripting.Core\Dependencies\YamlDotNet\Unity.VisualScripting.YamlDotNet.dll
Symbol file LoadedFromMemory doesn't match image D:\Repos\UnityProjects\TBD-TopDownGame\TopDownTrial\Library\PackageCache\com.unity.visualscripting@1.8.0\Editor\VisualScripting.Core\Dependencies\DotNetZip\Unity.VisualScripting.IonicZip.dll
- Loaded All Assemblies, in  0.640 seconds
Refreshing native plugins compatible for Editor in 2.43 ms, found 4 plugins.
Native extension for Android target not found
Native extension for WindowsStandalone target not found
Native extension for WebGL target not found
Mono: successfully reloaded assembly
- Finished resetting the current domain, in  0.728 seconds
Domain Reload Profiling: 1360ms
	BeginReloadAssembly (174ms)
		ExecutionOrderSort (0ms)
		DisableScriptedObjects (9ms)
		BackupInstance (0ms)
		ReleaseScriptingObjects (0ms)
		CreateAndSetChildDomain (41ms)
	RebuildCommonClasses (27ms)
	RebuildNativeTypeToScriptingClass (15ms)
	initialDomainReloadingComplete (31ms)
	LoadAllAssembliesAndSetupDomain (385ms)
		LoadAssemblies (318ms)
		RebuildTransferFunctionScriptingTraits (0ms)
		AnalyzeDomain (144ms)
			TypeCache.Refresh (5ms)
				TypeCache.ScanAssembly (0ms)
			BuildScriptInfoCaches (125ms)
			ResolveRequiredComponents (10ms)
	FinalizeReload (729ms)
		ReleaseScriptCaches (0ms)
		RebuildScriptCaches (0ms)
		SetupLoadedEditorAssemblies (524ms)
			LogAssemblyErrors (0ms)
			InitializePlatformSupportModulesInManaged (20ms)
			SetLoadedEditorAssemblies (5ms)
			BeforeProcessingInitializeOnLoad (59ms)
			ProcessInitializeOnLoadAttributes (384ms)
			ProcessInitializeOnLoadMethodAttributes (46ms)
			AfterProcessingInitializeOnLoad (9ms)
			EditorAssembliesLoaded (0ms)
		ExecutionOrderSort2 (0ms)
		AwakeInstancesAfterBackupRestoration (11ms)
Refreshing native plugins compatible for Editor in 2.33 ms, found 4 plugins.
Preloading 0 native plugins for Editor in 0.00 ms.
Unloading 22 Unused Serialized files (Serialized files now loaded: 0)
Unloading 6381 unused Assets / (5.5 MB). Loaded Objects now: 7069.
Memory consumption went from 186.3 MB to 180.7 MB.
Total: 8.409100 ms (FindLiveObjects: 0.650600 ms CreateObjectMapping: 0.381900 ms MarkObjects: 4.841800 ms  DeleteObjects: 2.534000 ms)

Prepare: number of updated asset objects reloaded= 0
========================================================================
Received Prepare
Begin MonoManager ReloadAssembly
C:\build\output\Unity-Technologies\mono\mono\metadata\icall.c:1842:
C:\build\output\Unity-Technologies\mono\mono\metadata\icall.c:1842:
C:\build\output\Unity-Technologies\mono\mono\metadata\icall.c:1842:
C:\build\output\Unity-Technologies\mono\mono\metadata\icall.c:1842:
C:\build\output\Unity-Technologies\mono\mono\metadata\icall.c:1842:
C:\build\output\Unity-Technologies\mono\mono\metadata\icall.c:1842:
C:\build\output\Unity-Technologies\mono\mono\metadata\icall.c:1842:
C:\build\output\Unity-Technologies\mono\mono\metadata\icall.c:1842:
C:\build\output\Unity-Technologies\mono\mono\metadata\icall.c:1842:
C:\build\output\Unity-Technologies\mono\mono\metadata\icall.c:1842:
C:\build\output\Unity-Technologies\mono\mono\metadata\icall.c:1842:
C:\build\output\Unity-Technologies\mono\mono\metadata\icall.c:1842:
Symbol file LoadedFromMemory doesn't match image D:\Repos\UnityProjects\TBD-TopDownGame\TopDownTrial\Library\PackageCache\com.unity.visualscripting@1.8.0\Editor\VisualScripting.Core\Dependencies\YamlDotNet\Unity.VisualScripting.YamlDotNet.dll
Symbol file LoadedFromMemory doesn't match image D:\Repos\UnityProjects\TBD-TopDownGame\TopDownTrial\Library\PackageCache\com.unity.visualscripting@1.8.0\Editor\VisualScripting.Core\Dependencies\DotNetZip\Unity.VisualScripting.IonicZip.dll
- Loaded All Assemblies, in  0.646 seconds
Refreshing native plugins compatible for Editor in 1.92 ms, found 4 plugins.
Native extension for Android target not found
Native extension for WindowsStandalone target not found
Native extension for WebGL target not found
Mono: successfully reloaded assembly
- Finished resetting the current domain, in  0.737 seconds
Domain Reload Profiling: 1374ms
	BeginReloadAssembly (181ms)
		ExecutionOrderSort (0ms)
		DisableScriptedObjects (12ms)
		BackupInstance (0ms)
		ReleaseScriptingObjects (0ms)
		CreateAndSetChildDomain (41ms)
	RebuildCommonClasses (26ms)
	RebuildNativeTypeToScriptingClass (11ms)
	initialDomainReloadingComplete (27ms)
	LoadAllAssembliesAndSetupDomain (391ms)
		LoadAssemblies (321ms)
		RebuildTransferFunctionScriptingTraits (0ms)
		AnalyzeDomain (152ms)
			TypeCache.Refresh (5ms)
				TypeCache.ScanAssembly (0ms)
			BuildScriptInfoCaches (135ms)
			ResolveRequiredComponents (9ms)
	FinalizeReload (737ms)
		ReleaseScriptCaches (0ms)
		RebuildScriptCaches (0ms)
		SetupLoadedEditorAssemblies (527ms)
			LogAssemblyErrors (0ms)
			InitializePlatformSupportModulesInManaged (17ms)
			SetLoadedEditorAssemblies (5ms)
			BeforeProcessingInitializeOnLoad (62ms)
			ProcessInitializeOnLoadAttributes (387ms)
			ProcessInitializeOnLoadMethodAttributes (46ms)
			AfterProcessingInitializeOnLoad (10ms)
			EditorAssembliesLoaded (0ms)
		ExecutionOrderSort2 (0ms)
		AwakeInstancesAfterBackupRestoration (12ms)
Refreshing native plugins compatible for Editor in 2.80 ms, found 4 plugins.
Preloading 0 native plugins for Editor in 0.00 ms.
Unloading 22 Unused Serialized files (Serialized files now loaded: 0)
Unloading 6381 unused Assets / (5.4 MB). Loaded Objects now: 7069.
Memory consumption went from 189.7 MB to 184.2 MB.
Total: 8.626300 ms (FindLiveObjects: 0.653100 ms CreateObjectMapping: 0.547700 ms MarkObjects: 4.795200 ms  DeleteObjects: 2.629200 ms)

Prepare: number of updated asset objects reloaded= 0
========================================================================
Received Prepare
Begin MonoManager ReloadAssembly
C:\build\output\Unity-Technologies\mono\mono\metadata\icall.c:1842:
C:\build\output\Unity-Technologies\mono\mono\metadata\icall.c:1842:
C:\build\output\Unity-Technologies\mono\mono\metadata\icall.c:1842:
C:\build\output\Unity-Technologies\mono\mono\metadata\icall.c:1842:
C:\build\output\Unity-Technologies\mono\mono\metadata\icall.c:1842:
C:\build\output\Unity-Technologies\mono\mono\metadata\icall.c:1842:
C:\build\output\Unity-Technologies\mono\mono\metadata\icall.c:1842:
C:\build\output\Unity-Technologies\mono\mono\metadata\icall.c:1842:
C:\build\output\Unity-Technologies\mono\mono\metadata\icall.c:1842:
C:\build\output\Unity-Technologies\mono\mono\metadata\icall.c:1842:
C:\build\output\Unity-Technologies\mono\mono\metadata\icall.c:1842:
C:\build\output\Unity-Technologies\mono\mono\metadata\icall.c:1842:
Symbol file LoadedFromMemory doesn't match image D:\Repos\UnityProjects\TBD-TopDownGame\TopDownTrial\Library\PackageCache\com.unity.visualscripting@1.8.0\Editor\VisualScripting.Core\Dependencies\YamlDotNet\Unity.VisualScripting.YamlDotNet.dll
Symbol file LoadedFromMemory doesn't match image D:\Repos\UnityProjects\TBD-TopDownGame\TopDownTrial\Library\PackageCache\com.unity.visualscripting@1.8.0\Editor\VisualScripting.Core\Dependencies\DotNetZip\Unity.VisualScripting.IonicZip.dll
- Loaded All Assemblies, in  0.670 seconds
Refreshing native plugins compatible for Editor in 2.01 ms, found 4 plugins.
Native extension for Android target not found
Native extension for WindowsStandalone target not found
Native extension for WebGL target not found
Mono: successfully reloaded assembly
- Finished resetting the current domain, in  0.775 seconds
Domain Reload Profiling: 1436ms
	BeginReloadAssembly (184ms)
		ExecutionOrderSort (0ms)
		DisableScriptedObjects (10ms)
		BackupInstance (0ms)
		ReleaseScriptingObjects (0ms)
		CreateAndSetChildDomain (42ms)
	RebuildCommonClasses (29ms)
	RebuildNativeTypeToScriptingClass (11ms)
	initialDomainReloadingComplete (28ms)
	LoadAllAssembliesAndSetupDomain (409ms)
		LoadAssemblies (345ms)
		RebuildTransferFunctionScriptingTraits (0ms)
		AnalyzeDomain (148ms)
			TypeCache.Refresh (7ms)
				TypeCache.ScanAssembly (0ms)
			BuildScriptInfoCaches (129ms)
			ResolveRequiredComponents (9ms)
	FinalizeReload (776ms)
		ReleaseScriptCaches (0ms)
		RebuildScriptCaches (0ms)
		SetupLoadedEditorAssemblies (547ms)
			LogAssemblyErrors (0ms)
			InitializePlatformSupportModulesInManaged (20ms)
			SetLoadedEditorAssemblies (5ms)
			BeforeProcessingInitializeOnLoad (74ms)
			ProcessInitializeOnLoadAttributes (388ms)
			ProcessInitializeOnLoadMethodAttributes (48ms)
			AfterProcessingInitializeOnLoad (12ms)
			EditorAssembliesLoaded (0ms)
		ExecutionOrderSort2 (0ms)
		AwakeInstancesAfterBackupRestoration (13ms)
Refreshing native plugins compatible for Editor in 3.05 ms, found 4 plugins.
Preloading 0 native plugins for Editor in 0.00 ms.
Unloading 22 Unused Serialized files (Serialized files now loaded: 0)
Unloading 6381 unused Assets / (5.6 MB). Loaded Objects now: 7069.
Memory consumption went from 194.4 MB to 188.8 MB.
Total: 9.205600 ms (FindLiveObjects: 0.833000 ms CreateObjectMapping: 0.499900 ms MarkObjects: 5.094700 ms  DeleteObjects: 2.777300 ms)

Prepare: number of updated asset objects reloaded= 0
========================================================================
Received Import Request.
  Time since last request: 11170.571849 seconds.
  path: Assets/Gameart/Sprout Lands - Sprites - premium pack/Tilesets/Grass_Hill_Tiles_v2_0.asset
  artifactKey: Guid(90494bd3cb49db44590b797ee2ada947) Importer(815301076,1909f56bfc062723c751e8b465ee728b)
Start importing Assets/Gameart/Sprout Lands - Sprites - premium pack/Tilesets/Grass_Hill_Tiles_v2_0.asset using Guid(90494bd3cb49db44590b797ee2ada947) Importer(815301076,1909f56bfc062723c751e8b465ee728b) (PreviewImporter) -> (artifact id: '3714a3bea7ecf8267af0519a2f926ad4') in 0.0788183 seconds
Number of updated asset objects reloaded before import = 0Number of asset objects unloaded after import = 3

========================================================================
Received Import Request.
  Time since last request: 1.053584 seconds.
  path: Assets/Gameart/Sprout Lands - Sprites - premium pack/Tilesets/Grass_Hill_Tiles_v2_3.asset
  artifactKey: Guid(f0429d1a2684806448e31b01e54b596e) Importer(815301076,1909f56bfc062723c751e8b465ee728b)
Start importing Assets/Gameart/Sprout Lands - Sprites - premium pack/Tilesets/Grass_Hill_Tiles_v2_3.asset using Guid(f0429d1a2684806448e31b01e54b596e) Importer(815301076,1909f56bfc062723c751e8b465ee728b) (PreviewImporter) -> (artifact id: '977c24bf8f9a5b34ca2833e879f65f79') in 0.0086489 seconds
Number of updated asset objects reloaded before import = 0Number of asset objects unloaded after import = 3

========================================================================
Received Import Request.
  Time since last request: 0.001399 seconds.
  path: Assets/Gameart/Sprout Lands - Sprites - premium pack/Tilesets/Grass_Hill_Tiles_v2_1.asset
  artifactKey: Guid(f34816892e5f5c5419c46b542cf66daf) Importer(815301076,1909f56bfc062723c751e8b465ee728b)
Start importing Assets/Gameart/Sprout Lands - Sprites - premium pack/Tilesets/Grass_Hill_Tiles_v2_1.asset using Guid(f34816892e5f5c5419c46b542cf66daf) Importer(815301076,1909f56bfc062723c751e8b465ee728b) (PreviewImporter) -> (artifact id: '0e26de15ffede3646ef55f77ddf09dc4') in 0.0069827 seconds
Number of updated asset objects reloaded before import = 0Number of asset objects unloaded after import = 3

========================================================================
Received Import Request.
  Time since last request: 0.000016 seconds.
  path: Assets/Gameart/Sprout Lands - Sprites - premium pack/Tilesets/Grass_Hill_Tiles_v2_17.asset
  artifactKey: Guid(e9dd507df04e89c4aa0d06f0f110c033) Importer(815301076,1909f56bfc062723c751e8b465ee728b)
Start importing Assets/Gameart/Sprout Lands - Sprites - premium pack/Tilesets/Grass_Hill_Tiles_v2_17.asset using Guid(e9dd507df04e89c4aa0d06f0f110c033) Importer(815301076,1909f56bfc062723c751e8b465ee728b) (PreviewImporter) -> (artifact id: '520b9bb5aacca07a41bb05ba788d87eb') in 0.0070399 seconds
Number of updated asset objects reloaded before import = 0Number of asset objects unloaded after import = 3

========================================================================
Received Import Request.
  Time since last request: 0.000013 seconds.
  path: Assets/Gameart/Sprout Lands - Sprites - premium pack/Tilesets/Grass_Hill_Tiles_v2_15.asset
  artifactKey: Guid(e0deaf67490d7e84b8c71e6028f66c7a) Importer(815301076,1909f56bfc062723c751e8b465ee728b)
Start importing Assets/Gameart/Sprout Lands - Sprites - premium pack/Tilesets/Grass_Hill_Tiles_v2_15.asset using Guid(e0deaf67490d7e84b8c71e6028f66c7a) Importer(815301076,1909f56bfc062723c751e8b465ee728b) (PreviewImporter) -> (artifact id: '49f4a773e38a31195f4b2762bd7be3b8') in 0.0070041 seconds
Number of updated asset objects reloaded before import = 0Number of asset objects unloaded after import = 3

========================================================================
Received Import Request.
  Time since last request: 0.000015 seconds.
  path: Assets/Gameart/Sprout Lands - Sprites - premium pack/Tilesets/Grass_Hill_Tiles_v2_9.asset
  artifactKey: Guid(e5a62954ebedf55408e073c14b24fc16) Importer(815301076,1909f56bfc062723c751e8b465ee728b)
Start importing Assets/Gameart/Sprout Lands - Sprites - premium pack/Tilesets/Grass_Hill_Tiles_v2_9.asset using Guid(e5a62954ebedf55408e073c14b24fc16) Importer(815301076,1909f56bfc062723c751e8b465ee728b) (PreviewImporter) -> (artifact id: 'd88c5a99c1f7380f8ad500bedcdbe52e') in 0.0081334 seconds
Number of updated asset objects reloaded before import = 0Number of asset objects unloaded after import = 3

========================================================================
Received Import Request.
  Time since last request: 0.000015 seconds.
  path: Assets/Gameart/Sprout Lands - Sprites - premium pack/Tilesets/Grass_Hill_Tiles_v2_10.asset
  artifactKey: Guid(9b0d712776bad094fac5b743a48bd4c6) Importer(815301076,1909f56bfc062723c751e8b465ee728b)
Start importing Assets/Gameart/Sprout Lands - Sprites - premium pack/Tilesets/Grass_Hill_Tiles_v2_10.asset using Guid(9b0d712776bad094fac5b743a48bd4c6) Importer(815301076,1909f56bfc062723c751e8b465ee728b) (PreviewImporter) -> (artifact id: '3bb08edc69527d4635fa45692b8ad10d') in 0.0079155 seconds
Number of updated asset objects reloaded before import = 0Number of asset objects unloaded after import = 3

========================================================================
Received Import Request.
  Time since last request: 0.000013 seconds.
  path: Assets/Gameart/Sprout Lands - Sprites - premium pack/Tilesets/Grass_Hill_Tiles_v2_11.asset
  artifactKey: Guid(2249dc925cf17524e9ab2894d0ed3ec0) Importer(815301076,1909f56bfc062723c751e8b465ee728b)
Start importing Assets/Gameart/Sprout Lands - Sprites - premium pack/Tilesets/Grass_Hill_Tiles_v2_11.asset using Guid(2249dc925cf17524e9ab2894d0ed3ec0) Importer(815301076,1909f56bfc062723c751e8b465ee728b) (PreviewImporter) -> (artifact id: 'b9d49c9279d0460f331e01042ba7c126') in 0.0070967 seconds
Number of updated asset objects reloaded before import = 0Number of asset objects unloaded after import = 3

========================================================================
Received Import Request.
  Time since last request: 0.000016 seconds.
  path: Assets/Gameart/Sprout Lands - Sprites - premium pack/Tilesets/Grass_Hill_Tiles_v2_13.asset
  artifactKey: Guid(7aba3151d63e784449186067720669a4) Importer(815301076,1909f56bfc062723c751e8b465ee728b)
Start importing Assets/Gameart/Sprout Lands - Sprites - premium pack/Tilesets/Grass_Hill_Tiles_v2_13.asset using Guid(7aba3151d63e784449186067720669a4) Importer(815301076,1909f56bfc062723c751e8b465ee728b) (PreviewImporter) -> (artifact id: 'c50541fe738df3c60003836b550d0dd4') in 0.006658 seconds
Number of updated asset objects reloaded before import = 0Number of asset objects unloaded after import = 3

========================================================================
Received Import Request.
  Time since last request: 0.000015 seconds.
  path: Assets/Gameart/Sprout Lands - Sprites - premium pack/Tilesets/Grass_Hill_Tiles_v2_20.asset
  artifactKey: Guid(5d058473a43071f41b8bb7ba4b1f3bbc) Importer(815301076,1909f56bfc062723c751e8b465ee728b)
Start importing Assets/Gameart/Sprout Lands - Sprites - premium pack/Tilesets/Grass_Hill_Tiles_v2_20.asset using Guid(5d058473a43071f41b8bb7ba4b1f3bbc) Importer(815301076,1909f56bfc062723c751e8b465ee728b) (PreviewImporter) -> (artifact id: '2ff8719283f9027de8eb761ca2a36be5') in 0.0068206 seconds
Number of updated asset objects reloaded before import = 0Number of asset objects unloaded after import = 3

========================================================================
Received Import Request.
  Time since last request: 0.000016 seconds.
  path: Assets/Gameart/Sprout Lands - Sprites - premium pack/Tilesets/Grass_Hill_Tiles_v2_14.asset
  artifactKey: Guid(799d87e66050b4c469a0ac20adb5c66b) Importer(815301076,1909f56bfc062723c751e8b465ee728b)
Start importing Assets/Gameart/Sprout Lands - Sprites - premium pack/Tilesets/Grass_Hill_Tiles_v2_14.asset using Guid(799d87e66050b4c469a0ac20adb5c66b) Importer(815301076,1909f56bfc062723c751e8b465ee728b) (PreviewImporter) -> (artifact id: 'cbe5f7a0b4cbb44f5a8011fcb4381e10') in 0.0078371 seconds
Number of updated asset objects reloaded before import = 0Number of asset objects unloaded after import = 3

========================================================================
Received Import Request.
  Time since last request: 0.000014 seconds.
  path: Assets/Gameart/Sprout Lands - Sprites - premium pack/Tilesets/Grass_Hill_Tiles_v2_6.asset
  artifactKey: Guid(3fa5baea24606204d9aaedae0ae8e9a6) Importer(815301076,1909f56bfc062723c751e8b465ee728b)
Start importing Assets/Gameart/Sprout Lands - Sprites - premium pack/Tilesets/Grass_Hill_Tiles_v2_6.asset using Guid(3fa5baea24606204d9aaedae0ae8e9a6) Importer(815301076,1909f56bfc062723c751e8b465ee728b) (PreviewImporter) -> (artifact id: '51b641539af26cb814eea705e682c1e5') in 0.0066902 seconds
Number of updated asset objects reloaded before import = 0Number of asset objects unloaded after import = 3

========================================================================
Received Import Request.
  Time since last request: 0.000017 seconds.
  path: Assets/Gameart/Sprout Lands - Sprites - premium pack/Tilesets/Grass_Hill_Tiles_v2_12.asset
  artifactKey: Guid(9d692af8c3430f242a8a2434d8e8a1ee) Importer(815301076,1909f56bfc062723c751e8b465ee728b)
Start importing Assets/Gameart/Sprout Lands - Sprites - premium pack/Tilesets/Grass_Hill_Tiles_v2_12.asset using Guid(9d692af8c3430f242a8a2434d8e8a1ee) Importer(815301076,1909f56bfc062723c751e8b465ee728b) (PreviewImporter) -> (artifact id: '9cb87c5751191244601439127a8d7385') in 0.0070259 seconds
Number of updated asset objects reloaded before import = 0Number of asset objects unloaded after import = 3

========================================================================
Received Import Request.
  Time since last request: 0.627472 seconds.
  path: Assets/Gameart/Sprout Lands - Sprites - premium pack/Tilesets/Grass_Hill_Tiles_v2_23.asset
  artifactKey: Guid(c2f05f196c3f0c34a87b7852af2adf74) Importer(815301076,1909f56bfc062723c751e8b465ee728b)
Start importing Assets/Gameart/Sprout Lands - Sprites - premium pack/Tilesets/Grass_Hill_Tiles_v2_23.asset using Guid(c2f05f196c3f0c34a87b7852af2adf74) Importer(815301076,1909f56bfc062723c751e8b465ee728b) (PreviewImporter) -> (artifact id: '78db216062fde003af52bdb065a8cf2f') in 0.0068372 seconds
Number of updated asset objects reloaded before import = 0Number of asset objects unloaded after import = 3

========================================================================
Received Import Request.
  Time since last request: 0.000017 seconds.
  path: Assets/Gameart/Sprout Lands - Sprites - premium pack/Tilesets/Grass_Hill_Tiles_v2_24.asset
  artifactKey: Guid(f6b93fcd2e3dce14d88d84c0d8123b9f) Importer(815301076,1909f56bfc062723c751e8b465ee728b)
Start importing Assets/Gameart/Sprout Lands - Sprites - premium pack/Tilesets/Grass_Hill_Tiles_v2_24.asset using Guid(f6b93fcd2e3dce14d88d84c0d8123b9f) Importer(815301076,1909f56bfc062723c751e8b465ee728b) (PreviewImporter) -> (artifact id: '10b5abe63cdc14c3b55a1cb63d056bba') in 0.0066291 seconds
Number of updated asset objects reloaded before import = 0Number of asset objects unloaded after import = 3

========================================================================
Received Import Request.
  Time since last request: 0.003117 seconds.
  path: Assets/Gameart/Sprout Lands - Sprites - premium pack/Tilesets/Grass_Hill_Tiles_v2_26.asset
  artifactKey: Guid(1e9b8327eed63cf49b8eddb19900a840) Importer(815301076,1909f56bfc062723c751e8b465ee728b)
Start importing Assets/Gameart/Sprout Lands - Sprites - premium pack/Tilesets/Grass_Hill_Tiles_v2_26.asset using Guid(1e9b8327eed63cf49b8eddb19900a840) Importer(815301076,1909f56bfc062723c751e8b465ee728b) (PreviewImporter) -> (artifact id: '820b56c00fcc136b038db955da9190c3') in 0.0065721 seconds
Number of updated asset objects reloaded before import = 0Number of asset objects unloaded after import = 3

========================================================================
Received Import Request.
  Time since last request: 0.000013 seconds.
  path: Assets/Gameart/Sprout Lands - Sprites - premium pack/Tilesets/Grass_Hill_Tiles_v2_27.asset
  artifactKey: Guid(f24d34647fde4c544a1a31dc70c0750b) Importer(815301076,1909f56bfc062723c751e8b465ee728b)
Start importing Assets/Gameart/Sprout Lands - Sprites - premium pack/Tilesets/Grass_Hill_Tiles_v2_27.asset using Guid(f24d34647fde4c544a1a31dc70c0750b) Importer(815301076,1909f56bfc062723c751e8b465ee728b) (PreviewImporter) -> (artifact id: 'e35174946e11292d59e5f8aca2333874') in 0.0075754 seconds
Number of updated asset objects reloaded before import = 0Number of asset objects unloaded after import = 3

========================================================================
Received Import Request.
  Time since last request: 0.000013 seconds.
  path: Assets/Gameart/Sprout Lands - Sprites - premium pack/Tilesets/Grass_Hill_Tiles_v2_29.asset
  artifactKey: Guid(eddeb40d18bd31e4f965ba9a000bab9f) Importer(815301076,1909f56bfc062723c751e8b465ee728b)
Start importing Assets/Gameart/Sprout Lands - Sprites - premium pack/Tilesets/Grass_Hill_Tiles_v2_29.asset using Guid(eddeb40d18bd31e4f965ba9a000bab9f) Importer(815301076,1909f56bfc062723c751e8b465ee728b) (PreviewImporter) -> (artifact id: '05cf4dd63465f85937d18b31900fd040') in 0.0067897 seconds
Number of updated asset objects reloaded before import = 0Number of asset objects unloaded after import = 3

========================================================================
Received Import Request.
  Time since last request: 0.000019 seconds.
  path: Assets/Gameart/Sprout Lands - Sprites - premium pack/Tilesets/Grass_Hill_Tiles_v2_30.asset
  artifactKey: Guid(2794d468f87889d4886733383db6b596) Importer(815301076,1909f56bfc062723c751e8b465ee728b)
Start importing Assets/Gameart/Sprout Lands - Sprites - premium pack/Tilesets/Grass_Hill_Tiles_v2_30.asset using Guid(2794d468f87889d4886733383db6b596) Importer(815301076,1909f56bfc062723c751e8b465ee728b) (PreviewImporter) -> (artifact id: '75bfb36c5480f50d886a9875f10ba7d3') in 0.0073935 seconds
Number of updated asset objects reloaded before import = 0Number of asset objects unloaded after import = 3

========================================================================
Received Import Request.
  Time since last request: 0.000018 seconds.
  path: Assets/Gameart/Sprout Lands - Sprites - premium pack/Tilesets/Grass_Hill_Tiles_v2_33.asset
  artifactKey: Guid(860848a78c00a7242833f5f8074eaffa) Importer(815301076,1909f56bfc062723c751e8b465ee728b)
Start importing Assets/Gameart/Sprout Lands - Sprites - premium pack/Tilesets/Grass_Hill_Tiles_v2_33.asset using Guid(860848a78c00a7242833f5f8074eaffa) Importer(815301076,1909f56bfc062723c751e8b465ee728b) (PreviewImporter) -> (artifact id: '3201425c76b69ff12fe9f972e5cd0582') in 0.0070891 seconds
Number of updated asset objects reloaded before import = 0Number of asset objects unloaded after import = 3

========================================================================
Received Import Request.
  Time since last request: 0.006315 seconds.
  path: Assets/Gameart/Sprout Lands - Sprites - premium pack/Tilesets/Grass_Hill_Tiles_v2_34.asset
  artifactKey: Guid(512fcef652c832a40b5fbd01f6d11da7) Importer(815301076,1909f56bfc062723c751e8b465ee728b)
Start importing Assets/Gameart/Sprout Lands - Sprites - premium pack/Tilesets/Grass_Hill_Tiles_v2_34.asset using Guid(512fcef652c832a40b5fbd01f6d11da7) Importer(815301076,1909f56bfc062723c751e8b465ee728b) (PreviewImporter) -> (artifact id: 'a33158a57fe8cefed4c44a3740fcda51') in 0.0069149 seconds
Number of updated asset objects reloaded before import = 0Number of asset objects unloaded after import = 3

========================================================================
Received Import Request.
  Time since last request: 0.000017 seconds.
  path: Assets/Gameart/Sprout Lands - Sprites - premium pack/Tilesets/Grass_Hill_Tiles_v2_36.asset
  artifactKey: Guid(8daeda59936aea44fad608f0531a4354) Importer(815301076,1909f56bfc062723c751e8b465ee728b)
Start importing Assets/Gameart/Sprout Lands - Sprites - premium pack/Tilesets/Grass_Hill_Tiles_v2_36.asset using Guid(8daeda59936aea44fad608f0531a4354) Importer(815301076,1909f56bfc062723c751e8b465ee728b) (PreviewImporter) -> (artifact id: '0b23dc7ee9257a0d3cbc98b8d9068bfc') in 0.0065665 seconds
Number of updated asset objects reloaded before import = 0Number of asset objects unloaded after import = 3

========================================================================
Received Import Request.
  Time since last request: 0.009488 seconds.
  path: Assets/Gameart/Sprout Lands - Sprites - premium pack/Tilesets/Grass_Hill_Tiles_v2_38.asset
  artifactKey: Guid(58b237fadc2537d4fa6e222b6d1f8496) Importer(815301076,1909f56bfc062723c751e8b465ee728b)
Start importing Assets/Gameart/Sprout Lands - Sprites - premium pack/Tilesets/Grass_Hill_Tiles_v2_38.asset using Guid(58b237fadc2537d4fa6e222b6d1f8496) Importer(815301076,1909f56bfc062723c751e8b465ee728b) (PreviewImporter) -> (artifact id: 'f4e22606d27e2552faa1791a816e3555') in 0.0063381 seconds
Number of updated asset objects reloaded before import = 0Number of asset objects unloaded after import = 3

========================================================================
Received Import Request.
  Time since last request: 0.433926 seconds.
  path: Assets/Gameart/Sprout Lands - Sprites - premium pack/Tilesets/Grass_Hill_Tiles_v2_41.asset
  artifactKey: Guid(e0eb806da34e0fe489ede66186eaeeea) Importer(815301076,1909f56bfc062723c751e8b465ee728b)
Start importing Assets/Gameart/Sprout Lands - Sprites - premium pack/Tilesets/Grass_Hill_Tiles_v2_41.asset using Guid(e0eb806da34e0fe489ede66186eaeeea) Importer(815301076,1909f56bfc062723c751e8b465ee728b) (PreviewImporter) -> (artifact id: 'fb4dfbe4e27bc960d7881741f1cc4ec6') in 0.0076453 seconds
Number of updated asset objects reloaded before import = 0Number of asset objects unloaded after import = 3

========================================================================
Received Import Request.
  Time since last request: 0.000019 seconds.
  path: Assets/Gameart/Sprout Lands - Sprites - premium pack/Tilesets/Grass_Hill_Tiles_v2_42.asset
  artifactKey: Guid(d28ffe5fb187b5e499bea92759d0fe2d) Importer(815301076,1909f56bfc062723c751e8b465ee728b)
Start importing Assets/Gameart/Sprout Lands - Sprites - premium pack/Tilesets/Grass_Hill_Tiles_v2_42.asset using Guid(d28ffe5fb187b5e499bea92759d0fe2d) Importer(815301076,1909f56bfc062723c751e8b465ee728b) (PreviewImporter) -> (artifact id: '7bcd78049ea2d437d2f53b9b46e5b3f4') in 0.0083685 seconds
Number of updated asset objects reloaded before import = 0Number of asset objects unloaded after import = 3

========================================================================
Received Import Request.
  Time since last request: 0.000024 seconds.
  path: Assets/Gameart/Sprout Lands - Sprites - premium pack/Tilesets/Grass_Hill_Tiles_v2_45.asset
  artifactKey: Guid(780688293311b3f47b2a79db89e8eb17) Importer(815301076,1909f56bfc062723c751e8b465ee728b)
Start importing Assets/Gameart/Sprout Lands - Sprites - premium pack/Tilesets/Grass_Hill_Tiles_v2_45.asset using Guid(780688293311b3f47b2a79db89e8eb17) Importer(815301076,1909f56bfc062723c751e8b465ee728b) (PreviewImporter) -> (artifact id: '5c294b96d98527f1cf05f9793d43fc19') in 0.0085739 seconds
Number of updated asset objects reloaded before import = 0Number of asset objects unloaded after import = 3

========================================================================
Received Import Request.
  Time since last request: 0.000014 seconds.
  path: Assets/Gameart/Sprout Lands - Sprites - premium pack/Tilesets/Grass_Hill_Tiles_v2_50.asset
  artifactKey: Guid(c7c6ce09438661a4396c4d1b3d845a0d) Importer(815301076,1909f56bfc062723c751e8b465ee728b)
Start importing Assets/Gameart/Sprout Lands - Sprites - premium pack/Tilesets/Grass_Hill_Tiles_v2_50.asset using Guid(c7c6ce09438661a4396c4d1b3d845a0d) Importer(815301076,1909f56bfc062723c751e8b465ee728b) (PreviewImporter) -> (artifact id: '94ece7ad1b0e551c14f9e46bd854d018') in 0.0085067 seconds
Number of updated asset objects reloaded before import = 0Number of asset objects unloaded after import = 3

========================================================================
Received Import Request.
  Time since last request: 0.000018 seconds.
  path: Assets/Gameart/Sprout Lands - Sprites - premium pack/Tilesets/Grass_Hill_Tiles_v2_51.asset
  artifactKey: Guid(c11f0bf0a75477140b2f0c71318a8e9c) Importer(815301076,1909f56bfc062723c751e8b465ee728b)
Start importing Assets/Gameart/Sprout Lands - Sprites - premium pack/Tilesets/Grass_Hill_Tiles_v2_51.asset using Guid(c11f0bf0a75477140b2f0c71318a8e9c) Importer(815301076,1909f56bfc062723c751e8b465ee728b) (PreviewImporter) -> (artifact id: '8c5e0cf9deeec04e5172167feaba5e23') in 0.0081367 seconds
Number of updated asset objects reloaded before import = 0Number of asset objects unloaded after import = 3

========================================================================
Received Import Request.
  Time since last request: 0.000017 seconds.
  path: Assets/Gameart/Sprout Lands - Sprites - premium pack/Tilesets/Grass_Hill_Tiles_v2_52.asset
  artifactKey: Guid(b07b74851c5bd9b4f86acd3e4c57380b) Importer(815301076,1909f56bfc062723c751e8b465ee728b)
Start importing Assets/Gameart/Sprout Lands - Sprites - premium pack/Tilesets/Grass_Hill_Tiles_v2_52.asset using Guid(b07b74851c5bd9b4f86acd3e4c57380b) Importer(815301076,1909f56bfc062723c751e8b465ee728b) (PreviewImporter) -> (artifact id: '6bf434120fec736e7a6a76b816e72fbb') in 0.0077732 seconds
Number of updated asset objects reloaded before import = 0Number of asset objects unloaded after import = 3

========================================================================
Received Import Request.
  Time since last request: 0.000016 seconds.
  path: Assets/Gameart/Sprout Lands - Sprites - premium pack/Tilesets/Grass_Hill_Tiles_v2_48.asset
  artifactKey: Guid(3802e1209ad94034188465c7dd9cf544) Importer(815301076,1909f56bfc062723c751e8b465ee728b)
Start importing Assets/Gameart/Sprout Lands - Sprites - premium pack/Tilesets/Grass_Hill_Tiles_v2_48.asset using Guid(3802e1209ad94034188465c7dd9cf544) Importer(815301076,1909f56bfc062723c751e8b465ee728b) (PreviewImporter) -> (artifact id: '03d4a12e2e53b9e02093da1bd56a5ee1') in 0.008686 seconds
Number of updated asset objects reloaded before import = 0Number of asset objects unloaded after import = 3

========================================================================
Received Import Request.
  Time since last request: 0.000017 seconds.
  path: Assets/Gameart/Sprout Lands - Sprites - premium pack/Tilesets/Grass_Hill_Tiles_v2_44.asset
  artifactKey: Guid(3fb3e95de3ed7cb4db00b118f97ff886) Importer(815301076,1909f56bfc062723c751e8b465ee728b)
Start importing Assets/Gameart/Sprout Lands - Sprites - premium pack/Tilesets/Grass_Hill_Tiles_v2_44.asset using Guid(3fb3e95de3ed7cb4db00b118f97ff886) Importer(815301076,1909f56bfc062723c751e8b465ee728b) (PreviewImporter) -> (artifact id: '8c1e240d27acbe2535c4b8b2283bf4e1') in 0.0079403 seconds
Number of updated asset objects reloaded before import = 0Number of asset objects unloaded after import = 3

========================================================================
Received Import Request.
  Time since last request: 0.232782 seconds.
  path: Assets/Gameart/Sprout Lands - Sprites - premium pack/Tilesets/Grass_Hill_Tiles_v2_56.asset
  artifactKey: Guid(68ff6ef4c139ade4b94ea37e185e2409) Importer(815301076,1909f56bfc062723c751e8b465ee728b)
Start importing Assets/Gameart/Sprout Lands - Sprites - premium pack/Tilesets/Grass_Hill_Tiles_v2_56.asset using Guid(68ff6ef4c139ade4b94ea37e185e2409) Importer(815301076,1909f56bfc062723c751e8b465ee728b) (PreviewImporter) -> (artifact id: '13c3d60cfc47cad9ff1c23e4723bbdfb') in 0.0075424 seconds
Number of updated asset objects reloaded before import = 0Number of asset objects unloaded after import = 3

========================================================================
Received Import Request.
  Time since last request: 0.000014 seconds.
  path: Assets/Gameart/Sprout Lands - Sprites - premium pack/Tilesets/Grass_Hill_Tiles_v2_57.asset
  artifactKey: Guid(0fa9aa3e210b694489f11b49a5e4519b) Importer(815301076,1909f56bfc062723c751e8b465ee728b)
Start importing Assets/Gameart/Sprout Lands - Sprites - premium pack/Tilesets/Grass_Hill_Tiles_v2_57.asset using Guid(0fa9aa3e210b694489f11b49a5e4519b) Importer(815301076,1909f56bfc062723c751e8b465ee728b) (PreviewImporter) -> (artifact id: 'f533492b6938fe41ca83934a34c69e3f') in 0.0067217 seconds
Number of updated asset objects reloaded before import = 0Number of asset objects unloaded after import = 3

========================================================================
Received Import Request.
  Time since last request: 0.000014 seconds.
  path: Assets/Gameart/Sprout Lands - Sprites - premium pack/Tilesets/Grass_Hill_Tiles_v2_58.asset
  artifactKey: Guid(1e65e810573fa9941a2569e75145148d) Importer(815301076,1909f56bfc062723c751e8b465ee728b)
Start importing Assets/Gameart/Sprout Lands - Sprites - premium pack/Tilesets/Grass_Hill_Tiles_v2_58.asset using Guid(1e65e810573fa9941a2569e75145148d) Importer(815301076,1909f56bfc062723c751e8b465ee728b) (PreviewImporter) -> (artifact id: '90ca674fa6dae238bd4bb36089fa1432') in 0.006647 seconds
Number of updated asset objects reloaded before import = 0Number of asset objects unloaded after import = 3

Editor requested this worker to shutdown with reason: Scaling down because of idle timeout
AssetImportWorker is now disconnected from the server
Process exiting
Exiting without the bug reporter. Application will terminate with return code 0